# JRE version: Java(TM) SE Runtime Environment (8.0_171-b11) (build 1.8.0_171-b11)
# Java VM: Java HotSpot(TM) 64-Bit Server VM (25.171-b11 mixed mode windows-amd64 compressed oops)
Heap:
 PSYoungGen      total 207872K, used 177740K [0x0000000715c00000, 0x0000000723600000, 0x00000007c0000000)
  eden space 196608K, 88% used [0x0000000715c00000,0x00000007206234f0,0x0000000721c00000)
  from space 11264K, 31% used [0x0000000722b00000,0x0000000722e6fdf8,0x0000000723600000)
  to   space 13312K, 0% used [0x0000000721c00000,0x0000000721c00000,0x0000000722900000)
 ParOldGen       total 194560K, used 6651K [0x00000005c1400000, 0x00000005cd200000, 0x0000000715c00000)
  object space 194560K, 3% used [0x00000005c1400000,0x00000005c1a7eca0,0x00000005cd200000)
 Metaspace       used 30904K, capacity 31254K, committed 31488K, reserved 1077248K
  class space    used 4148K, capacity 4258K, committed 4352K, reserved 1048576K
GC Heap History (10 events):
Event: 3.202 GC heap before
{Heap before GC invocations=3 (full 0):
 PSYoungGen      total 153088K, used 142793K [0x0000000715c00000, 0x0000000720680000, 0x00000007c0000000)
  eden space 131584K, 100% used [0x0000000715c00000,0x000000071dc80000,0x000000071dc80000)
  from space 21504K, 52% used [0x000000071f180000,0x000000071fc72410,0x0000000720680000)
  to   space 21504K, 0% used [0x000000071dc80000,0x000000071dc80000,0x000000071f180000)
 ParOldGen       total 349696K, used 24K [0x00000005c1400000, 0x00000005d6980000, 0x0000000715c00000)
  object space 349696K, 0% used [0x00000005c1400000,0x00000005c1406000,0x00000005d6980000)
 Metaspace       used 20282K, capacity 20530K, committed 20608K, reserved 1067008K
  class space    used 3052K, capacity 3156K, committed 3200K, reserved 1048576K
Event: 3.206 GC heap after
Heap after GC invocations=3 (full 0):
 PSYoungGen      total 153088K, used 8148K [0x0000000715c00000, 0x0000000720680000, 0x00000007c0000000)
  eden space 131584K, 0% used [0x0000000715c00000,0x0000000715c00000,0x000000071dc80000)
  from space 21504K, 37% used [0x000000071dc80000,0x000000071e475208,0x000000071f180000)
  to   space 21504K, 0% used [0x000000071f180000,0x000000071f180000,0x0000000720680000)
 ParOldGen       total 349696K, used 32K [0x00000005c1400000, 0x00000005d6980000, 0x0000000715c00000)
  object space 349696K, 0% used [0x00000005c1400000,0x00000005c1408000,0x00000005d6980000)
 Metaspace       used 20282K, capacity 20530K, committed 20608K, reserved 1067008K
  class space    used 3052K, capacity 3156K, committed 3200K, reserved 1048576K
}
Event: 3.586 GC heap before
{Heap before GC invocations=4 (full 0):
 PSYoungGen      total 153088K, used 77760K [0x0000000715c00000, 0x0000000720680000, 0x00000007c0000000)
  eden space 131584K, 52% used [0x0000000715c00000,0x0000000719ffafe0,0x000000071dc80000)
  from space 21504K, 37% used [0x000000071dc80000,0x000000071e475208,0x000000071f180000)
  to   space 21504K, 0% used [0x000000071f180000,0x000000071f180000,0x0000000720680000)
 ParOldGen       total 349696K, used 32K [0x00000005c1400000, 0x00000005d6980000, 0x0000000715c00000)
  object space 349696K, 0% used [0x00000005c1400000,0x00000005c1408000,0x00000005d6980000)
 Metaspace       used 20857K, capacity 21106K, committed 21248K, reserved 1067008K
  class space    used 3098K, capacity 3220K, committed 3328K, reserved 1048576K
Event: 3.589 GC heap after
Heap after GC invocations=4 (full 0):
 PSYoungGen      total 153088K, used 6742K [0x0000000715c00000, 0x0000000720680000, 0x00000007c0000000)
  eden space 131584K, 0% used [0x0000000715c00000,0x0000000715c00000,0x000000071dc80000)
  from space 21504K, 31% used [0x000000071f180000,0x000000071f815a98,0x0000000720680000)
  to   space 21504K, 0% used [0x000000071dc80000,0x000000071dc80000,0x000000071f180000)
 ParOldGen       total 349696K, used 40K [0x00000005c1400000, 0x00000005d6980000, 0x0000000715c00000)
  object space 349696K, 0% used [0x00000005c1400000,0x00000005c140a000,0x00000005d6980000)
 Metaspace       used 20857K, capacity 21106K, committed 21248K, reserved 1067008K
  class space    used 3098K, capacity 3220K, committed 3328K, reserved 1048576K
}
Event: 3.589 GC heap before
{Heap before GC invocations=5 (full 1):
 PSYoungGen      total 153088K, used 6742K [0x0000000715c00000, 0x0000000720680000, 0x00000007c0000000)
  eden space 131584K, 0% used [0x0000000715c00000,0x0000000715c00000,0x000000071dc80000)
  from space 21504K, 31% used [0x000000071f180000,0x000000071f815a98,0x0000000720680000)
  to   space 21504K, 0% used [0x000000071dc80000,0x000000071dc80000,0x000000071f180000)
 ParOldGen       total 349696K, used 40K [0x00000005c1400000, 0x00000005d6980000, 0x0000000715c00000)
  object space 349696K, 0% used [0x00000005c1400000,0x00000005c140a000,0x00000005d6980000)
 Metaspace       used 20857K, capacity 21106K, committed 21248K, reserved 1067008K
  class space    used 3098K, capacity 3220K, committed 3328K, reserved 1048576K
Event: 3.610 GC heap after
Heap after GC invocations=5 (full 1):
 PSYoungGen      total 153088K, used 0K [0x0000000715c00000, 0x0000000720680000, 0x00000007c0000000)
  eden space 131584K, 0% used [0x0000000715c00000,0x0000000715c00000,0x000000071dc80000)
  from space 21504K, 0% used [0x000000071f180000,0x000000071f180000,0x0000000720680000)
  to   space 21504K, 0% used [0x000000071dc80000,0x000000071dc80000,0x000000071f180000)
 ParOldGen       total 194560K, used 6635K [0x00000005c1400000, 0x00000005cd200000, 0x0000000715c00000)
  object space 194560K, 3% used [0x00000005c1400000,0x00000005c1a7aca0,0x00000005cd200000)
 Metaspace       used 20857K, capacity 21106K, committed 21248K, reserved 1067008K
  class space    used 3098K, capacity 3220K, committed 3328K, reserved 1048576K
}
Event: 6.675 GC heap before
{Heap before GC invocations=6 (full 1):
 PSYoungGen      total 153088K, used 131584K [0x0000000715c00000, 0x0000000720680000, 0x00000007c0000000)
  eden space 131584K, 100% used [0x0000000715c00000,0x000000071dc80000,0x000000071dc80000)
  from space 21504K, 0% used [0x000000071f180000,0x000000071f180000,0x0000000720680000)
  to   space 21504K, 0% used [0x000000071dc80000,0x000000071dc80000,0x000000071f180000)
 ParOldGen       total 194560K, used 6635K [0x00000005c1400000, 0x00000005cd200000, 0x0000000715c00000)
  object space 194560K, 3% used [0x00000005c1400000,0x00000005c1a7aca0,0x00000005cd200000)
 Metaspace       used 26625K, capacity 26984K, committed 27136K, reserved 1073152K
  class space    used 3713K, capacity 3837K, committed 3840K, reserved 1048576K
Event: 6.678 GC heap after
Heap after GC invocations=6 (full 1):
 PSYoungGen      total 153088K, used 5600K [0x0000000715c00000, 0x0000000723780000, 0x00000007c0000000)
  eden space 131584K, 0% used [0x0000000715c00000,0x0000000715c00000,0x000000071dc80000)
  from space 21504K, 26% used [0x000000071dc80000,0x000000071e1f83f0,0x000000071f180000)
  to   space 12800K, 0% used [0x0000000722b00000,0x0000000722b00000,0x0000000723780000)
 ParOldGen       total 194560K, used 6643K [0x00000005c1400000, 0x00000005cd200000, 0x0000000715c00000)
  object space 194560K, 3% used [0x00000005c1400000,0x00000005c1a7cca0,0x00000005cd200000)
 Metaspace       used 26625K, capacity 26984K, committed 27136K, reserved 1073152K
  class space    used 3713K, capacity 3837K, committed 3840K, reserved 1048576K
}
Event: 7.415 GC heap before
{Heap before GC invocations=7 (full 1):
 PSYoungGen      total 153088K, used 137184K [0x0000000715c00000, 0x0000000723780000, 0x00000007c0000000)
  eden space 131584K, 100% used [0x0000000715c00000,0x000000071dc80000,0x000000071dc80000)
  from space 21504K, 26% used [0x000000071dc80000,0x000000071e1f83f0,0x000000071f180000)
  to   space 12800K, 0% used [0x0000000722b00000,0x0000000722b00000,0x0000000723780000)
 ParOldGen       total 194560K, used 6643K [0x00000005c1400000, 0x00000005cd200000, 0x0000000715c00000)
  object space 194560K, 3% used [0x00000005c1400000,0x00000005c1a7cca0,0x00000005cd200000)
 Metaspace       used 29490K, capacity 29878K, committed 30080K, reserved 1075200K
  class space    used 4038K, capacity 4162K, committed 4224K, reserved 1048576K
Event: 7.419 GC heap after
Heap after GC invocations=7 (full 1):
 PSYoungGen      total 207872K, used 3519K [0x0000000715c00000, 0x0000000723600000, 0x00000007c0000000)
  eden space 196608K, 0% used [0x0000000715c00000,0x0000000715c00000,0x0000000721c00000)
  from space 11264K, 31% used [0x0000000722b00000,0x0000000722e6fdf8,0x0000000723600000)
  to   space 13312K, 0% used [0x0000000721c00000,0x0000000721c00000,0x0000000722900000)
 ParOldGen       total 194560K, used 6651K [0x00000005c1400000, 0x00000005cd200000, 0x0000000715c00000)
  object space 194560K, 3% used [0x00000005c1400000,0x00000005c1a7eca0,0x00000005cd200000)
 Metaspace       used 29490K, capacity 29878K, committed 30080K, reserved 1075200K
  class space    used 4038K, capacity 4162K, committed 4224K, reserved 1048576K
}

